# JRE version: Java(TM) SE Runtime Environment (8.0_66-b17) (build 1.8.0_66-b17)
# Java VM: Java HotSpot(TM) 64-Bit Server VM (25.66-b17 mixed mode linux-amd64 compressed oops)
Heap:
 PSYoungGen      total 281600K, used 29184K [0x00000000d6780000, 0x00000000e9c80000, 0x0000000100000000)
  eden space 252416K, 0% used [0x00000000d6780000,0x00000000d6780000,0x00000000e5e00000)
  from space 29184K, 100% used [0x00000000e5e00000,0x00000000e7a80000,0x00000000e7a80000)
  to   space 23552K, 0% used [0x00000000e7a80000,0x00000000e7a80000,0x00000000e9180000)
 ParOldGen       total 86016K, used 48752K [0x0000000083600000, 0x0000000088a00000, 0x00000000d6780000)
  object space 86016K, 56% used [0x0000000083600000,0x000000008659c060,0x0000000088a00000)
 Metaspace       used 3287K, capacity 4564K, committed 4864K, reserved 1056768K
  class space    used 364K, capacity 388K, committed 512K, reserved 1048576K
GC Heap History (10 events):
Event: 5.158 GC heap after
Heap after GC invocations=4 (full 0):
 PSYoungGen      total 70656K, used 5104K [0x00000000d6780000, 0x00000000db180000, 0x0000000100000000)
  eden space 65536K, 0% used [0x00000000d6780000,0x00000000d6780000,0x00000000da780000)
  from space 5120K, 99% used [0x00000000dac80000,0x00000000db17c010,0x00000000db180000)
  to   space 5120K, 0% used [0x00000000da780000,0x00000000da780000,0x00000000dac80000)
 ParOldGen       total 86016K, used 9984K [0x0000000083600000, 0x0000000088a00000, 0x00000000d6780000)
  object space 86016K, 11% used [0x0000000083600000,0x0000000083fc0000,0x0000000088a00000)
 Metaspace       used 3287K, capacity 4564K, committed 4864K, reserved 1056768K
  class space    used 364K, capacity 388K, committed 512K, reserved 1048576K
}
Event: 5.196 GC heap before
{Heap before GC invocations=5 (full 0):
 PSYoungGen      total 70656K, used 70640K [0x00000000d6780000, 0x00000000db180000, 0x0000000100000000)
  eden space 65536K, 100% used [0x00000000d6780000,0x00000000da780000,0x00000000da780000)
  from space 5120K, 99% used [0x00000000dac80000,0x00000000db17c010,0x00000000db180000)
  to   space 5120K, 0% used [0x00000000da780000,0x00000000da780000,0x00000000dac80000)
 ParOldGen       total 86016K, used 9984K [0x0000000083600000, 0x0000000088a00000, 0x00000000d6780000)
  object space 86016K, 11% used [0x0000000083600000,0x0000000083fc0000,0x0000000088a00000)
 Metaspace       used 3287K, capacity 4564K, committed 4864K, reserved 1056768K
  class space    used 364K, capacity 388K, committed 512K, reserved 1048576K
Event: 5.208 GC heap after
Heap after GC invocations=5 (full 0):
 PSYoungGen      total 70656K, used 5120K [0x00000000d6780000, 0x00000000e0180000, 0x0000000100000000)
  eden space 65536K, 0% used [0x00000000d6780000,0x00000000d6780000,0x00000000da780000)
  from space 5120K, 100% used [0x00000000da780000,0x00000000dac80000,0x00000000dac80000)
  to   space 13312K, 0% used [0x00000000df480000,0x00000000df480000,0x00000000e0180000)
 ParOldGen       total 86016K, used 16232K [0x0000000083600000, 0x0000000088a00000, 0x00000000d6780000)
  object space 86016K, 18% used [0x0000000083600000,0x00000000845da000,0x0000000088a00000)
 Metaspace       used 3287K, capacity 4564K, committed 4864K, reserved 1056768K
  class space    used 364K, capacity 388K, committed 512K, reserved 1048576K
}
Event: 5.230 GC heap before
{Heap before GC invocations=6 (full 0):
 PSYoungGen      total 70656K, used 70656K [0x00000000d6780000, 0x00000000e0180000, 0x0000000100000000)
  eden space 65536K, 100% used [0x00000000d6780000,0x00000000da780000,0x00000000da780000)
  from space 5120K, 100% used [0x00000000da780000,0x00000000dac80000,0x00000000dac80000)
  to   space 13312K, 0% used [0x00000000df480000,0x00000000df480000,0x00000000e0180000)
 ParOldGen       total 86016K, used 16232K [0x0000000083600000, 0x0000000088a00000, 0x00000000d6780000)
  object space 86016K, 18% used [0x0000000083600000,0x00000000845da000,0x0000000088a00000)
 Metaspace       used 3287K, capacity 4564K, committed 4864K, reserved 1056768K
  class space    used 364K, capacity 388K, committed 512K, reserved 1048576K
Event: 5.240 GC heap after
Heap after GC invocations=6 (full 0):
 PSYoungGen      total 142336K, used 12912K [0x00000000d6780000, 0x00000000e0580000, 0x0000000100000000)
  eden space 129024K, 0% used [0x00000000d6780000,0x00000000d6780000,0x00000000de580000)
  from space 13312K, 96% used [0x00000000df480000,0x00000000e011c010,0x00000000e0180000)
  to   space 15360K, 0% used [0x00000000de580000,0x00000000de580000,0x00000000df480000)
 ParOldGen       total 86016K, used 16232K [0x0000000083600000, 0x0000000088a00000, 0x00000000d6780000)
  object space 86016K, 18% used [0x0000000083600000,0x00000000845da000,0x0000000088a00000)
 Metaspace       used 3287K, capacity 4564K, committed 4864K, reserved 1056768K
  class space    used 364K, capacity 388K, committed 512K, reserved 1048576K
}
Event: 5.305 GC heap before
{Heap before GC invocations=7 (full 0):
 PSYoungGen      total 142336K, used 141936K [0x00000000d6780000, 0x00000000e0580000, 0x0000000100000000)
  eden space 129024K, 100% used [0x00000000d6780000,0x00000000de580000,0x00000000de580000)
  from space 13312K, 96% used [0x00000000df480000,0x00000000e011c010,0x00000000e0180000)
  to   space 15360K, 0% used [0x00000000de580000,0x00000000de580000,0x00000000df480000)
 ParOldGen       total 86016K, used 16232K [0x0000000083600000, 0x0000000088a00000, 0x00000000d6780000)
  object space 86016K, 18% used [0x0000000083600000,0x00000000845da000,0x0000000088a00000)
 Metaspace       used 3287K, capacity 4564K, committed 4864K, reserved 1056768K
  class space    used 364K, capacity 388K, committed 512K, reserved 1048576K
Event: 5.341 GC heap after
Heap after GC invocations=7 (full 0):
 PSYoungGen      total 144384K, used 15360K [0x00000000d6780000, 0x00000000e9180000, 0x0000000100000000)
  eden space 129024K, 0% used [0x00000000d6780000,0x00000000d6780000,0x00000000de580000)
  from space 15360K, 100% used [0x00000000de580000,0x00000000df480000,0x00000000df480000)
  to   space 23552K, 0% used [0x00000000e7a80000,0x00000000e7a80000,0x00000000e9180000)
 ParOldGen       total 86016K, used 27608K [0x0000000083600000, 0x0000000088a00000, 0x00000000d6780000)
  object space 86016K, 32% used [0x0000000083600000,0x00000000850f6060,0x0000000088a00000)
 Metaspace       used 3287K, capacity 4564K, committed 4864K, reserved 1056768K
  class space    used 364K, capacity 388K, committed 512K, reserved 1048576K
}
Event: 5.386 GC heap before
{Heap before GC invocations=8 (full 0):
 PSYoungGen      total 144384K, used 144384K [0x00000000d6780000, 0x00000000e9180000, 0x0000000100000000)
  eden space 129024K, 100% used [0x00000000d6780000,0x00000000de580000,0x00000000de580000)
  from space 15360K, 100% used [0x00000000de580000,0x00000000df480000,0x00000000df480000)
  to   space 23552K, 0% used [0x00000000e7a80000,0x00000000e7a80000,0x00000000e9180000)
 ParOldGen       total 86016K, used 27608K [0x0000000083600000, 0x0000000088a00000, 0x00000000d6780000)
  object space 86016K, 32% used [0x0000000083600000,0x00000000850f6060,0x0000000088a00000)
 Metaspace       used 3287K, capacity 4564K, committed 4864K, reserved 1056768K
  class space    used 364K, capacity 388K, committed 512K, reserved 1048576K
Event: 5.416 GC heap after
Heap after GC invocations=8 (full 0):
 PSYoungGen      total 275968K, used 23552K [0x00000000d6780000, 0x00000000e9c80000, 0x0000000100000000)
  eden space 252416K, 0% used [0x00000000d6780000,0x00000000d6780000,0x00000000e5e00000)
  from space 23552K, 100% used [0x00000000e7a80000,0x00000000e9180000,0x00000000e9180000)
  to   space 29184K, 0% used [0x00000000e5e00000,0x00000000e5e00000,0x00000000e7a80000)
 ParOldGen       total 86016K, used 31984K [0x0000000083600000, 0x0000000088a00000, 0x00000000d6780000)
  object space 86016K, 37% used [0x0000000083600000,0x000000008553c060,0x0000000088a00000)
 Metaspace       used 3287K, capacity 4564K, committed 4864K, reserved 1056768K
  class space    used 364K, capacity 388K, committed 512K, reserved 1048576K
}
Event: 5.824 GC heap before
{Heap before GC invocations=9 (full 0):
 PSYoungGen      total 275968K, used 275968K [0x00000000d6780000, 0x00000000e9c80000, 0x0000000100000000)
  eden space 252416K, 100% used [0x00000000d6780000,0x00000000e5e00000,0x00000000e5e00000)
  from space 23552K, 100% used [0x00000000e7a80000,0x00000000e9180000,0x00000000e9180000)
  to   space 29184K, 0% used [0x00000000e5e00000,0x00000000e5e00000,0x00000000e7a80000)
 ParOldGen       total 86016K, used 31984K [0x0000000083600000, 0x0000000088a00000, 0x00000000d6780000)
  object space 86016K, 37% used [0x0000000083600000,0x000000008553c060,0x0000000088a00000)
 Metaspace       used 3287K, capacity 4564K, committed 4864K, reserved 1056768K
  class space    used 364K, capacity 388K, committed 512K, reserved 1048576K

