# JRE version: Java(TM) SE Runtime Environment (8.0_66-b17) (build 1.8.0_66-b17)
# Java VM: Java HotSpot(TM) 64-Bit Server VM (25.66-b17 mixed mode linux-amd64 compressed oops)
Heap:
 PSYoungGen      total 525312K, used 96K [0x00000000d6780000, 0x00000000f6980000, 0x0000000100000000)
  eden space 524288K, 0% used [0x00000000d6780000,0x00000000d6780000,0x00000000f6780000)
  from space 1024K, 9% used [0x00000000f6780000,0x00000000f6798000,0x00000000f6880000)
  to   space 1024K, 0% used [0x00000000f6880000,0x00000000f6880000,0x00000000f6980000)
 ParOldGen       total 86016K, used 488K [0x0000000083600000, 0x0000000088a00000, 0x00000000d6780000)
  object space 86016K, 0% used [0x0000000083600000,0x000000008367a060,0x0000000088a00000)
 Metaspace       used 3188K, capacity 4564K, committed 4864K, reserved 1056768K
  class space    used 360K, capacity 388K, committed 512K, reserved 1048576K
GC Heap History (10 events):
Event: 0.566 GC heap after
Heap after GC invocations=4 (full 0):
 PSYoungGen      total 136192K, used 592K [0x00000000d6780000, 0x00000000df180000, 0x0000000100000000)
  eden space 131072K, 0% used [0x00000000d6780000,0x00000000d6780000,0x00000000de780000)
  from space 5120K, 11% used [0x00000000dec80000,0x00000000ded14010,0x00000000df180000)
  to   space 5120K, 0% used [0x00000000de780000,0x00000000de780000,0x00000000dec80000)
 ParOldGen       total 86016K, used 32K [0x0000000083600000, 0x0000000088a00000, 0x00000000d6780000)
  object space 86016K, 0% used [0x0000000083600000,0x0000000083608000,0x0000000088a00000)
 Metaspace       used 3186K, capacity 4564K, committed 4864K, reserved 1056768K
  class space    used 360K, capacity 388K, committed 512K, reserved 1048576K
}
Event: 0.620 GC heap before
{Heap before GC invocations=5 (full 0):
 PSYoungGen      total 136192K, used 131664K [0x00000000d6780000, 0x00000000df180000, 0x0000000100000000)
  eden space 131072K, 100% used [0x00000000d6780000,0x00000000de780000,0x00000000de780000)
  from space 5120K, 11% used [0x00000000dec80000,0x00000000ded14010,0x00000000df180000)
  to   space 5120K, 0% used [0x00000000de780000,0x00000000de780000,0x00000000dec80000)
 ParOldGen       total 86016K, used 32K [0x0000000083600000, 0x0000000088a00000, 0x00000000d6780000)
  object space 86016K, 0% used [0x0000000083600000,0x0000000083608000,0x0000000088a00000)
 Metaspace       used 3188K, capacity 4564K, committed 4864K, reserved 1056768K
  class space    used 360K, capacity 388K, committed 512K, reserved 1048576K
Event: 0.621 GC heap after
Heap after GC invocations=5 (full 0):
 PSYoungGen      total 136192K, used 496K [0x00000000d6780000, 0x00000000e6980000, 0x0000000100000000)
  eden space 131072K, 0% used [0x00000000d6780000,0x00000000d6780000,0x00000000de780000)
  from space 5120K, 9% used [0x00000000de780000,0x00000000de7fc010,0x00000000dec80000)
  to   space 1024K, 0% used [0x00000000e6880000,0x00000000e6880000,0x00000000e6980000)
 ParOldGen       total 86016K, used 32K [0x0000000083600000, 0x0000000088a00000, 0x00000000d6780000)
  object space 86016K, 0% used [0x0000000083600000,0x0000000083608000,0x0000000088a00000)
 Metaspace       used 3188K, capacity 4564K, committed 4864K, reserved 1056768K
  class space    used 360K, capacity 388K, committed 512K, reserved 1048576K
}
Event: 0.644 GC heap before
{Heap before GC invocations=6 (full 0):
 PSYoungGen      total 136192K, used 131568K [0x00000000d6780000, 0x00000000e6980000, 0x0000000100000000)
  eden space 131072K, 100% used [0x00000000d6780000,0x00000000de780000,0x00000000de780000)
  from space 5120K, 9% used [0x00000000de780000,0x00000000de7fc010,0x00000000dec80000)
  to   space 1024K, 0% used [0x00000000e6880000,0x00000000e6880000,0x00000000e6980000)
 ParOldGen       total 86016K, used 32K [0x0000000083600000, 0x0000000088a00000, 0x00000000d6780000)
  object space 86016K, 0% used [0x0000000083600000,0x0000000083608000,0x0000000088a00000)
 Metaspace       used 3188K, capacity 4564K, committed 4864K, reserved 1056768K
  class space    used 360K, capacity 388K, committed 512K, reserved 1048576K
Event: 0.648 GC heap after
Heap after GC invocations=6 (full 0):
 PSYoungGen      total 263168K, used 512K [0x00000000d6780000, 0x00000000e6980000, 0x0000000100000000)
  eden space 262144K, 0% used [0x00000000d6780000,0x00000000d6780000,0x00000000e6780000)
  from space 1024K, 50% used [0x00000000e6880000,0x00000000e6900020,0x00000000e6980000)
  to   space 1024K, 0% used [0x00000000e6780000,0x00000000e6780000,0x00000000e6880000)
 ParOldGen       total 86016K, used 32K [0x0000000083600000, 0x0000000088a00000, 0x00000000d6780000)
  object space 86016K, 0% used [0x0000000083600000,0x0000000083608000,0x0000000088a00000)
 Metaspace       used 3188K, capacity 4564K, committed 4864K, reserved 1056768K
  class space    used 360K, capacity 388K, committed 512K, reserved 1048576K
}
Event: 0.822 GC heap before
{Heap before GC invocations=7 (full 0):
 PSYoungGen      total 263168K, used 262656K [0x00000000d6780000, 0x00000000e6980000, 0x0000000100000000)
  eden space 262144K, 100% used [0x00000000d6780000,0x00000000e6780000,0x00000000e6780000)
  from space 1024K, 50% used [0x00000000e6880000,0x00000000e6900020,0x00000000e6980000)
  to   space 1024K, 0% used [0x00000000e6780000,0x00000000e6780000,0x00000000e6880000)
 ParOldGen       total 86016K, used 32K [0x0000000083600000, 0x0000000088a00000, 0x00000000d6780000)
  object space 86016K, 0% used [0x0000000083600000,0x0000000083608000,0x0000000088a00000)
 Metaspace       used 3188K, capacity 4564K, committed 4864K, reserved 1056768K
  class space    used 360K, capacity 388K, committed 512K, reserved 1048576K
Event: 0.827 GC heap after
Heap after GC invocations=7 (full 0):
 PSYoungGen      total 263168K, used 96K [0x00000000d6780000, 0x00000000f6980000, 0x0000000100000000)
  eden space 262144K, 0% used [0x00000000d6780000,0x00000000d6780000,0x00000000e6780000)
  from space 1024K, 9% used [0x00000000e6780000,0x00000000e6798000,0x00000000e6880000)
  to   space 1024K, 0% used [0x00000000f6880000,0x00000000f6880000,0x00000000f6980000)
 ParOldGen       total 86016K, used 464K [0x0000000083600000, 0x0000000088a00000, 0x00000000d6780000)
  object space 86016K, 0% used [0x0000000083600000,0x0000000083674060,0x0000000088a00000)
 Metaspace       used 3188K, capacity 4564K, committed 4864K, reserved 1056768K
  class space    used 360K, capacity 388K, committed 512K, reserved 1048576K
}
Event: 0.865 GC heap before
{Heap before GC invocations=8 (full 0):
 PSYoungGen      total 263168K, used 262240K [0x00000000d6780000, 0x00000000f6980000, 0x0000000100000000)
  eden space 262144K, 100% used [0x00000000d6780000,0x00000000e6780000,0x00000000e6780000)
  from space 1024K, 9% used [0x00000000e6780000,0x00000000e6798000,0x00000000e6880000)
  to   space 1024K, 0% used [0x00000000f6880000,0x00000000f6880000,0x00000000f6980000)
 ParOldGen       total 86016K, used 464K [0x0000000083600000, 0x0000000088a00000, 0x00000000d6780000)
  object space 86016K, 0% used [0x0000000083600000,0x0000000083674060,0x0000000088a00000)
 Metaspace       used 3188K, capacity 4564K, committed 4864K, reserved 1056768K
  class space    used 360K, capacity 388K, committed 512K, reserved 1048576K
Event: 0.865 GC heap after
Heap after GC invocations=8 (full 0):
 PSYoungGen      total 525312K, used 64K [0x00000000d6780000, 0x00000000f6980000, 0x0000000100000000)
  eden space 524288K, 0% used [0x00000000d6780000,0x00000000d6780000,0x00000000f6780000)
  from space 1024K, 6% used [0x00000000f6880000,0x00000000f6890000,0x00000000f6980000)
  to   space 1024K, 0% used [0x00000000f6780000,0x00000000f6780000,0x00000000f6880000)
 ParOldGen       total 86016K, used 472K [0x0000000083600000, 0x0000000088a00000, 0x00000000d6780000)
  object space 86016K, 0% used [0x0000000083600000,0x0000000083676060,0x0000000088a00000)
 Metaspace       used 3188K, capacity 4564K, committed 4864K, reserved 1056768K
  class space    used 360K, capacity 388K, committed 512K, reserved 1048576K
}
Event: 1.441 GC heap before
{Heap before GC invocations=9 (full 0):
 PSYoungGen      total 525312K, used 524352K [0x00000000d6780000, 0x00000000f6980000, 0x0000000100000000)
  eden space 524288K, 100% used [0x00000000d6780000,0x00000000f6780000,0x00000000f6780000)
  from space 1024K, 6% used [0x00000000f6880000,0x00000000f6890000,0x00000000f6980000)
  to   space 1024K, 0% used [0x00000000f6780000,0x00000000f6780000,0x00000000f6880000)
 ParOldGen       total 86016K, used 472K [0x0000000083600000, 0x0000000088a00000, 0x00000000d6780000)
  object space 86016K, 0% used [0x0000000083600000,0x0000000083676060,0x0000000088a00000)
 Metaspace       used 3188K, capacity 4564K, committed 4864K, reserved 1056768K
  class space    used 360K, capacity 388K, committed 512K, reserved 1048576K

